"../../../Engine/Content/Functions/Engine_MaterialFunctions01/Shading/PowerToRoughness.uasset" 0
"../../../Engine/Content/Functions/Engine_MaterialFunctions01/Shading/ConvertFromDiffSpec.uasset" 1
"../../../Engine/Content/EngineMaterials/DefaultDiffuse.uasset" 2
"../../../Engine/Content/EngineMaterials/DefaultDeferredDecalMaterial.uasset" 3
"../../../Engine/Content/EngineMaterials/DefaultLightFunctionMaterial.uasset" 4
"../../../Engine/Content/Functions/Engine_MaterialFunctions02/Utility/BreakOutFloat2Components.uasset" 5
"../../../Engine/Content/EngineMaterials/DefaultPostProcessMaterial.uasset" 6
"../../../Engine/Content/EditorMaterials/Camera/CineMat.uasset" 7
"../../../Engine/Content/EditorMaterials/Camera/MI_CineMat_Rig.uasset" 8
"../../../Engine/Content/EditorMeshes/Camera/SM_CraneRig_Base.uasset" 9
"../../../Engine/Content/EditorMeshes/Camera/SM_CraneRig_Arm.uasset" 10
"../../../Engine/Content/EditorMeshes/Camera/SM_CraneRig_Mount.uasset" 11
"../../../Engine/Content/EditorMeshes/Camera/SM_CraneRig_Body.uasset" 12
"../../../Engine/Content/EditorMeshes/Camera/SM_RailRig_Track.uasset" 13
"../../../Engine/Content/EditorMeshes/Camera/SM_RailRig_Mount.uasset" 14
"../../../Engine/Content/EngineResources/AICON-Red.uasset" 15
"../../../Engine/Content/EngineResources/AICON-Green.uasset" 16
"../../../Engine/Content/EngineFonts/Roboto.uasset" 17
"../../../Engine/Content/EngineResources/DefaultTexture.uasset" 18
"../../../Engine/Content/Functions/Engine_MaterialFunctions01/Texturing/ScaleUVsByCenter.uasset" 19
"../../../Engine/Content/Functions/Engine_MaterialFunctions02/ScreenResolution.uasset" 20
"../../../Engine/Content/Functions/Engine_MaterialFunctions02/Texturing/ScreenAlignedUVs.uasset" 21
"../../../Engine/Content/EngineResources/WhiteSquareTexture.uasset" 22
"../../../Engine/Content/EngineMaterials/Widget3DPassThrough.uasset" 23
"../../../Engine/Content/EngineMaterials/Widget3DPassThrough_Translucent.uasset" 24
"../../../Engine/Content/EngineMaterials/Widget3DPassThrough_Translucent_OneSided.uasset" 25
"../../../Engine/Content/EngineMaterials/Widget3DPassThrough_Opaque.uasset" 26
"../../../Engine/Content/EngineMaterials/Widget3DPassThrough_Opaque_OneSided.uasset" 27
"../../../Engine/Content/EngineMaterials/Widget3DPassThrough_Masked.uasset" 28
"../../../Engine/Content/EngineMaterials/Widget3DPassThrough_Masked_OneSided.uasset" 29
"../../../Engine/Content/EditorResources/S_Actor.uasset" 30
"../../../Engine/Content/EditorMaterials/AssetViewer/EpicQuadPanorama_CC+EV1.uasset" 31
"../../../Engine/Content/EditorResources/RGBTable16x1_AssetViewer.uasset" 32
"../../../Engine/Content/Maps/Templates/Thumbnails/Default.uasset" 33
"../../../Engine/Content/Maps/Templates/Thumbnails/VR-Basic.uasset" 34
"../../../Engine/Content/EditorMaterials/ParticleSystems/PSysThumbnail_NoImage.uasset" 35
"../../../Engine/Content/EditorMaterials/ParticleSystems/PSysThumbnail_OOD.uasset" 36
"../../../Engine/Content/EditorLandscapeResources/DataLayer.uasset" 37
"../../../Engine/Content/EngineDamageTypes/DmgTypeBP_Environmental.uasset" 38
"../../../Engine/Content/EngineMeshes/Sphere.uasset" 39
"../../../Engine/Content/EngineFonts/RobotoDistanceField.uasset" 40
"../../../Engine/Content/EngineMaterials/DefaultTextMaterialOpaque.uasset" 41
"../../../Engine/Content/EditorResources/S_Trigger.uasset" 42
"../../../Engine/Content/EngineResources/GradientTexture0.uasset" 43
"../../../Engine/Content/EngineResources/Black.uasset" 44
"../../../Engine/Content/EditorMaterials/MatineeGroups/MAT_Groups_Float.uasset" 45
"../../../Engine/Content/EditorMaterials/MatineeGroups/MAT_Groups_Director.uasset" 46
"../../../Engine/Content/EditorMaterials/MatineeGroups/MAT_Groups_Event.uasset" 47
"../../../Engine/Content/EditorMaterials/MatineeGroups/MAT_Groups_Anim.uasset" 48
"../../../Engine/Content/EditorMaterials/MatineeGroups/MAT_Groups_Fade.uasset" 49
"../../../Engine/Content/EditorMaterials/MatineeGroups/MAT_Groups_Move.uasset" 50
"../../../Engine/Content/EditorMaterials/MatineeGroups/MAT_Groups_Slomo.uasset" 51
"../../../Engine/Content/EditorMaterials/MatineeGroups/MAT_ColorTrack.uasset" 52
"../../../Engine/Content/EditorMaterials/MAT_Groups_Toggle.uasset" 53
"../../../Engine/Content/EditorMaterials/MatineeGroups/MAT_Groups_AudioMaster.uasset" 54
"../../../Engine/Content/EditorMaterials/MatineeGroups/MAT_Groups_Sound.uasset" 55
"../../../Engine/Content/EditorMaterials/MatineeGroups/MAT_Groups_Vector.uasset" 56
"../../../Engine/Content/EditorMaterials/MAT_Groups_Visibility.uasset" 57
"../../../Engine/Content/EngineResources/DefaultTextureCube.uasset" 58
"../../../Engine/Content/Functions/Engine_MaterialFunctions01/Opacity/CameraDepthFade.uasset" 59
"../../../Engine/Content/EngineMaterials/T_Default_Material_Grid_M.uasset" 60
"../../../Engine/Content/EngineMaterials/T_Default_Material_Grid_N.uasset" 61
"../../../Engine/Content/EngineMaterials/DefaultMaterial.uasset" 62
"../../../Engine/Content/EngineMeshes/Cylinder.uasset" 63
"../../../Engine/Content/EngineTireTypes/DefaultTireType.uasset" 64
"../../../Engine/Content/VREditor/LaserPointer/VR_LaserPower_01.uasset" 65
"../../../Engine/Content/VREditor/TransformGizmo/TransformGizmoMaterial.uasset" 66
"../../../Engine/Content/VREditor/TransformGizmo/TranslucentTransformGizmoMaterial.uasset" 67
"../../../Engine/Content/VREditor/TransformGizmo/UniformScaleHandle.uasset" 68
"../../../Engine/Content/VREditor/TransformGizmo/TranslateHandleLong.uasset" 69
"../../../Engine/Content/VREditor/TransformGizmo/PlaneTranslationHandle.uasset" 70
"../../../Engine/Content/VREditor/TransformGizmo/RotationHandleFull.uasset" 71
"../../../Engine/Content/VREditor/TransformGizmo/StretchingHandle.uasset" 72
"../../../Engine/Content/VREditor/TransformGizmo/BoundingBoxCorner.uasset" 73
"../../../Engine/Content/VREditor/TransformGizmo/BoundingBoxEdge.uasset" 74
"../../../Engine/Content/VREditor/UI/SelectionBarMesh.uasset" 75
"../../../Engine/Content/VREditor/UI/CloseButtonMesh.uasset" 76
"../../../Engine/Content/VREditor/FloatingText/LineMaterial.uasset" 77
"../../../Engine/Content/VREditor/FloatingText/LineSegmentCylinder.uasset" 78
"../../../Engine/Content/VREditor/FloatingText/JointSphere.uasset" 79
"../../../Engine/Content/VREditor/Fonts/VRText_RobotoLarge.uasset" 80
"../../../Engine/Content/VREditor/Fonts/VRTextMaterial.uasset" 81
"../../../Engine/Content/VREditor/Fonts/TranslucentVRTextMaterial.uasset" 82
"../../../Engine/Content/VREditor/TransformGizmo/TranslationHandle.uasset" 83
"../../../Engine/Content/VREditor/TransformGizmo/RotationHandle.uasset" 84
"../../../Engine/Content/VREditor/Devices/Generic/GenericHMDMaterial.uasset" 85
"../../../Engine/Content/VREditor/Devices/Generic/GenericHMD.uasset" 86
"../../../Engine/Content/Functions/Engine_MaterialFunctions01/Gradient/RadialGradient.uasset" 87
"../../../Engine/Content/EditorLandscapeResources/FlattenHeightMat.uasset" 88
"../../../Engine/Content/VREditor/WorldMovementGrid/PlaneMesh.uasset" 89
"../../../Engine/Content/VREditor/WorldMovementGrid/SimpleGrid.uasset" 90
"../../../Engine/Content/VREditor/WorldMovementGrid/GridMaterial.uasset" 91
"../../../Engine/Content/VREditor/LaserPointer/LaserPointerMaterial.uasset" 92
"../../../Engine/Content/VREditor/LaserPointer/LaserPointerMaterialInst.uasset" 93
"../../../Engine/Content/VREditor/LaserPointer/TranslucentLaserPointerMaterialInst.uasset" 94
"../../../Engine/Content/VREditor/LaserPointer/LaserPointerMesh.uasset" 95
"../../../Engine/Content/Functions/Engine_MaterialFunctions01/Density/ExponentialDensity.uasset" 96
"../../../Engine/Content/VREditor/WorldMovementGrid/GridPostProcess.uasset" 97
"../../../Engine/Content/VREditor/Sounds/VR_teleport_Cue.uasset" 98
"../../../Engine/Content/VREditor/Sounds/VR_grab_Cue.uasset" 99
"../../../Engine/Content/Tutorial/Basics/TutorialAssets/icon_tab_Levels_40x.uasset" 100
"../../../Engine/Content/Tutorial/BlueprintTutorials/TutorialAssets/Blueprint_64x.uasset" 101
"../../../Engine/Content/Tutorial/ContentIntroCurve.uasset" 102
"../../../Engine/Plugins/2D/Paper2D/Content/PlaceholderTextures/DummySpriteTexture.uasset" 103
"../../../Engine/Plugins/2D/Paper2D/Content/DefaultSpriteMaterial.uasset" 104
"../../../Engine/Plugins/2D/Paper2D/Content/MaskedUnlitSpriteMaterial.uasset" 105
"../../../Engine/Plugins/2D/Paper2D/Content/OpaqueUnlitSpriteMaterial.uasset" 106
"../../../Engine/Plugins/2D/Paper2D/Content/DummySprite.uasset" 107
"../../../Engine/Plugins/2D/Paper2D/Content/DefaultPaperTerrainMaterial.uasset" 108
"../../../Engine/Content/EngineMaterials/RemoveSurfaceMaterial.uasset" 109
"../../../Engine/Content/EngineDebugMaterials/DebugMeshMaterial.uasset" 110
"../../../Engine/Content/EngineMaterials/InvalidLightmapSettings.uasset" 111
"../../../Engine/Content/EngineMaterials/M_InvalidLightmapSettings.uasset" 112
"../../../Engine/Content/EditorMaterials/GizmoMaterial.uasset" 113
"../../../Engine/Content/EngineMaterials/PhAT_JointLimitMaterial.uasset" 114
"../../../Engine/Content/EngineMaterials/Good64x64TilingNoiseHighFreq.uasset" 115
"../../../Engine/Content/EngineMaterials/DefaultBokeh.uasset" 116
"../../../Engine/Content/EngineMaterials/PreintegratedSkinBRDF.uasset" 117
"../../../Engine/Content/EngineMaterials/MiniFont.uasset" 118
"../../../Engine/Content/EngineMaterials/WeightMapPlaceholderTexture.uasset" 119
"../../../Engine/Content/EngineMaterials/DefaultWhiteGrid.uasset" 120
"../../../Engine/Content/EngineMaterials/DefaultPhysicalMaterial.uasset" 121
"../../../Engine/Content/EngineFonts/RobotoTiny.uasset" 122
"../../../Engine/Content/EditorSounds/Notifications/CompileSuccess.uasset" 123
"../../../Engine/Content/EditorSounds/Notifications/CompileStart_Cue.uasset" 124
"../../../Engine/Content/EditorSounds/Notifications/CompileSuccess_Cue.uasset" 125
"../../../Engine/Content/EditorSounds/Notifications/CompileFailed.uasset" 126
"../../../Engine/Content/EditorSounds/Notifications/CompileFailed_Cue.uasset" 127
"../../../Engine/Content/BasicShapes/Sphere.uasset" 128
"../../../Engine/Content/BasicShapes/Cylinder.uasset" 129
"../../../Engine/Content/BasicShapes/Cone.uasset" 130
"../../../Engine/Content/EditorResources/BSPVertex.uasset" 131
"../../../Engine/Content/EngineDebugMaterials/GeomMaterial.uasset" 132
"../../../Engine/Content/EngineDebugMaterials/HeatmapGradient.uasset" 133
"../../../Engine/Content/EngineDebugMaterials/BoneWeightMaterial.uasset" 134
"../../../Engine/Content/EditorMaterials/PreviewShadowIndicator.uasset" 135
"../../../Engine/Content/EditorMaterials/PreviewShadowIndicatorMaterial.uasset" 136
"../../../Engine/Content/EngineMaterials/EditorBrushMaterial.uasset" 137
"../../../Engine/Content/EditorMeshes/ColorCalibrator/M_ChromeBall.uasset" 138
"../../../Engine/Content/EditorMeshes/ColorCalibrator/M_ClearCoat.uasset" 139
"../../../Engine/Content/EditorMeshes/ColorCalibrator/M_ClearCoatBlack.uasset" 140
"../../../Engine/Content/EditorMeshes/ColorCalibrator/T_ColorGrid.uasset" 141
"../../../Engine/Content/EditorMeshes/ColorCalibrator/M_ColorGrid.uasset" 142
"../../../Engine/Content/EditorMeshes/ColorCalibrator/M_GreyBall.uasset" 143
"../../../Engine/Content/EditorMeshes/ColorCalibrator/SM_ColorCalibrator.uasset" 144
"../../../Engine/Content/Tutorial/SubEditors/TutorialAssets/icon_Editor_Preferences_General_40x.uasset" 145
"../../../Engine/Content/Tutorial/Paper2D/TutorialAssets/Paper2DSprite_TutorialIcon.uasset" 146
"../../../Engine/Content/Tutorial/SubEditors/TutorialAssets/icon_ShowSkeletalMeshes_40x.uasset" 147
"../../../Engine/Content/Tutorial/Landscape/TutorialAssets/Landscape.uasset" 148
"../../../Engine/Content/Tutorial/Foliage/TutorialAssets/Foliage.uasset" 149
"../../../Engine/Content/Tutorial/BlueprintTutorials/TutorialAssets/BlueprintMacroLibrary_64x.uasset" 150
"../../../Engine/Content/Tutorial/BlueprintTutorials/TutorialAssets/BlueprintInterface_64x.uasset" 151
"../../../Engine/Content/Tutorial/Paper2D/TutorialAssets/Paper2DFlipbook_TutorialIcon.uasset" 152
"../../../Engine/Content/MobileResources/HUD/T_Castle_ThumbstickInner.uasset" 153
"../../../Engine/Content/EditorResources/EmptyActor.uasset" 154
"../../../Engine/Content/EditorResources/AudioIcons/S_AudioComponent.uasset" 155
"../../../Engine/Content/EditorResources/AudioIcons/S_AudioComponent_AutoActivate.uasset" 156
"../../../Engine/Content/MobileResources/HUD/MobileHUDDirectionPad3.uasset" 157
"../../../Engine/Content/EngineMeshes/Cube.uasset" 158
"../../../Engine/Content/Tutorial/BlueprintTutorials/TutorialAssets/Tutorial_BP_Interface.uasset" 159
"../../../Engine/Content/EngineMaterials/WorldGridMaterial.uasset" 160
"../../../Engine/Content/EditorMeshes/EditorCube.uasset" 161
"../../../Engine/Content/Tutorial/SubEditors/TutorialAssets/Tutorial_DM.uasset" 162
"../../../Engine/Content/Tutorial/SubEditors/TutorialAssets/TutorialMaterial.uasset" 163
"../../../Engine/Content/Tutorial/SubEditors/TutorialAssets/T_SmokeSubUV_8X8.uasset" 164
"../../../Engine/Content/Tutorial/SubEditors/TutorialAssets/T_soft_smoke.uasset" 165
"../../../Engine/Content/Tutorial/SubEditors/TutorialAssets/M_smoke_subUV_blackbody.uasset" 166
"../../../Engine/Content/Tutorial/SubEditors/TutorialAssets/TutorialParticleSystem.uasset" 167
"../../../Engine/Content/MobileResources/HUD/MobileHUDButtonFire.uasset" 168
"../../../Engine/Content/MobileResources/HUD/MobileHUDButton3.uasset" 169
"../../../Engine/Content/MobileResources/HUD/MobileHUDButton2_off.uasset" 170
"../../../Engine/Content/MobileResources/HUD/MobileHUDButton1_on.uasset" 171
"../../../Engine/Content/MobileResources/HUD/MobileHUDButton1_off.uasset" 172
"../../../Engine/Content/MobileResources/HUD/VirtualJoystick_Background.uasset" 173
"../../../Engine/Content/MobileResources/HUD/VirtualJoystick_Thumb.uasset" 174
"../../../Engine/Content/MobileResources/HUD/LeftVirtualJoystickOnly.uasset" 175
"../../../Engine/Content/MobileResources/HUD/DefaultVirtualJoysticks.uasset" 176
"../../../Engine/Content/MobileResources/HUD/AnalogHat.uasset" 177
"../../../Engine/Content/MobileResources/T_MobileMenu2.uasset" 178
"../../../Engine/Content/MobileResources/T_MobileControls_texture.uasset" 179
"../../../MusicMansion/Content/Music/RyanBye.uasset" 180
"../../../MusicMansion/Content/Music/BobBye.uasset" 181
"../../../MusicMansion/Content/Music/AshleyBye.uasset" 182
"../../../Engine/Content/EditorBlueprintResources/StandardMacros.uasset" 183
"../../../MusicMansion/Content/BluePrints/Floor_BP.uasset" 184
"../../../MusicMansion/Content/BluePrints/Building_BP.uasset" 185
"../../../MusicMansion/Content/BluePrints/MyCameraElevator_BP.uasset" 186
"../../../MusicMansion/Content/Assets/Ashley_Nouveau.uasset" 187
"../../../Engine/Plugins/2D/Paper2D/Content/TranslucentUnlitSpriteMaterial.uasset" 188
"../../../MusicMansion/Content/Assets/Ashley_Nouveau_Sprite.uasset" 189
"../../../MusicMansion/Content/Assets/Bob_Nouveau.uasset" 190
"../../../MusicMansion/Content/Assets/Bob_Nouveau_Sprite.uasset" 191
"../../../MusicMansion/Content/Assets/Ryan_Nouveau.uasset" 192
"../../../MusicMansion/Content/Assets/Ryan_Nouveau_Sprite.uasset" 193
"../../../MusicMansion/Content/BluePrints/JobEnumeration.uasset" 194
"../../../MusicMansion/Content/BluePrints/SpawnVolume.uasset" 195
"../../../MusicMansion/Content/Fonts/lansbury.uasset" 196
"../../../MusicMansion/Content/Assets/Cash.uasset" 197
"../../../MusicMansion/Content/Assets/Collect_Pay.uasset" 198
"../../../MusicMansion/Content/Assets/Party_Button.uasset" 199
"../../../MusicMansion/Content/Assets/personbox.uasset" 200
"../../../MusicMansion/Content/BluePrints/GeneralUI_BP.uasset" 201
"../../../MusicMansion/Content/Assets/DefaultPersonImage.uasset" 202
"../../../MusicMansion/Content/BluePrints/CustomGameMode.uasset" 203
"../../../MusicMansion/Content/BluePrints/personAnchorActor_Blueprint.uasset" 204
"../../../MusicMansion/Content/Assets/JeremyArtFolder/Materials/Wood.uasset" 205
"../../../MusicMansion/Content/Assets/JeremyArtFolder/Materials/Mat_Wood.uasset" 206
"../../../MusicMansion/Content/BluePrints/BuildingRoomUI.uasset" 207
"../../../MusicMansion/Content/Assets/Build_Apartment.uasset" 208
"../../../MusicMansion/Content/Assets/Build_Party.uasset" 209
"../../../MusicMansion/Content/Assets/Build_Studio.uasset" 210
"../../../MusicMansion/Content/BluePrints/BuildRoomUI.uasset" 211
"../../../MusicMansion/Content/Assets/JeremyArtFolder/Materials/Chair_Diffuse.uasset" 212
"../../../MusicMansion/Content/Assets/JeremyArtFolder/Materials/Mat_Chair.uasset" 213
"../../../MusicMansion/Content/Assets/JeremyArtFolder/Materials/Door_Diffuse.uasset" 214
"../../../MusicMansion/Content/Assets/JeremyArtFolder/Materials/Mat_Door.uasset" 215
"../../../MusicMansion/Content/Assets/JeremyArtFolder/Materials/Table_Diffuse.uasset" 216
"../../../MusicMansion/Content/Assets/JeremyArtFolder/Materials/Mat_Table.uasset" 217
"../../../MusicMansion/Content/Assets/JeremyArtFolder/Materials/WallPaper1.uasset" 218
"../../../MusicMansion/Content/Assets/JeremyArtFolder/Materials/Mat_WallPaper1.uasset" 219
"../../../MusicMansion/Content/Assets/JeremyArtFolder/Rooms/Mat_Bottle.uasset" 220
"../../../MusicMansion/Content/Assets/JeremyArtFolder/Rooms/Mat_Bottle2.uasset" 221
"../../../MusicMansion/Content/Assets/Mat_Grey.uasset" 222
"../../../MusicMansion/Content/Assets/JeremyArtFolder/Rooms/BarRoom.uasset" 223
"../../../MusicMansion/Content/Assets/JeremyArtFolder/Materials/Bed_Diffuse.uasset" 224
"../../../MusicMansion/Content/Assets/JeremyArtFolder/Materials/Bed_Normal.uasset" 225
"../../../MusicMansion/Content/Assets/JeremyArtFolder/Materials/Mat_Bed.uasset" 226
"../../../MusicMansion/Content/Assets/JeremyArtFolder/Materials/Swirl_Floral_Design_Vector_Art.uasset" 227
"../../../MusicMansion/Content/Assets/JeremyArtFolder/Materials/Mat_WallPaper2.uasset" 228
"../../../MusicMansion/Content/Assets/JeremyArtFolder/Rooms/BedRoom.uasset" 229
"../../../MusicMansion/Content/Assets/JeremyArtFolder/Rooms/SheetMusic.uasset" 230
"../../../MusicMansion/Content/Assets/JeremyArtFolder/Rooms/Mat_SheetMusic.uasset" 231
"../../../MusicMansion/Content/Assets/JeremyArtFolder/Rooms/Mat_TopOfRecorder.uasset" 232
"../../../MusicMansion/Content/Assets/JeremyArtFolder/Rooms/RecordingRoom.uasset" 233
"../../../MusicMansion/Content/Assets/NewRoom.uasset" 234
"../../../MusicMansion/Content/BluePrints/Room_BP.uasset" 235
"../../../Engine/Content/BasicShapes/Cube.uasset" 236
"../../../MusicMansion/Content/BluePrints/Musician.uasset" 237
"../../../MusicMansion/Content/BluePrints/Dropbox_ForPeople.uasset" 238
"../../../MusicMansion/Content/Assets/JeremyArtFolder/Materials/WallExtraTexture.uasset" 239
"../../../MusicMansion/Content/Assets/JeremyArtFolder/Materials/Mat_Building2.uasset" 240
"../../../MusicMansion/Content/Assets/JeremyArtFolder/Table.uasset" 241
"../../../MusicMansion/Content/Assets/JeremyArtFolder/Materials/lambert2.uasset" 242
"../../../MusicMansion/Content/Assets/JeremyArtFolder/Rug.uasset" 243
"../../../MusicMansion/Content/Assets/JeremyArtFolder/Materials/Piano_Diffuse.uasset" 244
"../../../MusicMansion/Content/Assets/JeremyArtFolder/Materials/Mat_Piano.uasset" 245
"../../../MusicMansion/Content/Assets/JeremyArtFolder/Piano.uasset" 246
"../../../MusicMansion/Content/Assets/JeremyArtFolder/NightStand.uasset" 247
"../../../MusicMansion/Content/Assets/JeremyArtFolder/MIcroPhone.uasset" 248
"../../../MusicMansion/Content/Assets/JeremyArtFolder/Dresser.uasset" 249
"../../../MusicMansion/Content/Assets/JeremyArtFolder/Chair.uasset" 250
"../../../MusicMansion/Content/Assets/JeremyArtFolder/Bed.uasset" 251
"../../../MusicMansion/Content/Assets/JeremyArtFolder/Bar_occlusion.uasset" 252
"../../../MusicMansion/Content/Assets/JeremyArtFolder/Materials/Mat_Bar.uasset" 253
"../../../MusicMansion/Content/Assets/JeremyArtFolder/Bar.uasset" 254
"../../../MusicMansion/Content/Assets/lambert1.uasset" 255
"../../../MusicMansion/Content/Assets/TempScene.uasset" 256
"../../../MusicMansion/Content/Assets/lambert5.uasset" 257
"../../../MusicMansion/Content/Assets/lambert4.uasset" 258
"../../../MusicMansion/Content/Assets/lambert3.uasset" 259
"../../../MusicMansion/Content/Assets/lambert2.uasset" 260
"../../../MusicMansion/Content/Assets/Floor.uasset" 261
"../../../Engine/Content/MobileResources/HUD/MobileHUDDirectionStick.uasset" 262
"../../../Engine/Content/MobileResources/HUD/T_Castle_ThumbstickOutter.uasset" 263
"../../../Engine/Content/MobileResources/HUD/MobileHUDDirectionPad2.uasset" 264
"../../../Engine/Content/MobileResources/HUD/MobileHUDButton2_on.uasset" 265
"../../../Engine/Content/MobileResources/HUD/MobileHUDDirectionPad.uasset" 266
"../../../Engine/Content/Maps/Entry.umap" 267
"../../../Engine/Content/EngineSky/C_Sky_Cloud_Color.uasset" 268
"../../../Engine/Content/EngineSky/C_Sky_Horizon_Color.uasset" 269
"../../../Engine/Content/EngineSky/C_Sky_Zenith_Color.uasset" 270
"../../../Engine/Content/EngineSky/T_Sky_Blue.uasset" 271
"../../../Engine/Content/EngineSky/T_Sky_Clouds_M.uasset" 272
"../../../Engine/Content/EngineSky/T_Sky_Stars.uasset" 273
"../../../Engine/Content/EngineSky/M_Sky_Panning_Clouds2.uasset" 274
"../../../Engine/Content/EngineSky/SM_SkySphere.uasset" 275
"../../../Engine/Content/EngineSky/BP_Sky_Sphere.uasset" 276
"../../../MusicMansion/Content/Assets/JeremyArtFolder/Materials/SkyTexture.uasset" 277
"../../../MusicMansion/Content/Assets/JeremyArtFolder/Materials/Mat_Sky.uasset" 278
"../../../MusicMansion/Content/Assets/JeremyArtFolder/Materials/WallPaper3.uasset" 279
"../../../MusicMansion/Content/Assets/JeremyArtFolder/Materials/Mat_WallPaper3.uasset" 280
"../../../MusicMansion/Content/Assets/JeremyArtFolder/Materials/WallPaper4.uasset" 281
"../../../MusicMansion/Content/Assets/JeremyArtFolder/Materials/Mat_WallPaper4.uasset" 282
"../../../MusicMansion/Content/Assets/JeremyArtFolder/Materials/WallPaper5.uasset" 283
"../../../MusicMansion/Content/Assets/JeremyArtFolder/Materials/Mat_wallPaper5.uasset" 284
"../../../MusicMansion/Content/Assets/JeremyArtFolder/Materials/Mat_Building.uasset" 285
"../../../MusicMansion/Content/Assets/JeremyArtFolder/Materials/Cement.uasset" 286
"../../../MusicMansion/Content/Assets/JeremyArtFolder/Materials/Cement_Normal.uasset" 287
"../../../MusicMansion/Content/Assets/JeremyArtFolder/Materials/Mat_Cement.uasset" 288
"../../../MusicMansion/Content/Assets/JeremyArtFolder/Materials/Street.uasset" 289
"../../../MusicMansion/Content/Assets/JeremyArtFolder/Materials/Mat_Street.uasset" 290
"../../../MusicMansion/Content/Assets/Ground.uasset" 291
"../../../MusicMansion/Content/Assets/JeremyArtFolder/Sphere.uasset" 292
"../../../MusicMansion/Content/Assets/JeremyArtFolder/WallExtra.uasset" 293
"../../../MusicMansion/Content/Levels/CustomArtLevel.umap" 294
"../../../MusicMansion/Content/Assets/SingleRoom.uasset" 295
"../../../MusicMansion/Content/Music/AshleyHi.uasset" 296
"../../../MusicMansion/Content/Music/BluidRoomClick.uasset" 297
"../../../MusicMansion/Content/Music/BobHi.uasset" 298
"../../../MusicMansion/Content/Music/FigLeafRag-Background.uasset" 299
"../../../MusicMansion/Content/Music/GipsyJive-Party.uasset" 300
"../../../MusicMansion/Content/Music/MoneyCollect.uasset" 301
"../../../MusicMansion/Content/Music/RecordDone.uasset" 302
"../../../MusicMansion/Content/Music/RoomBuildCrowdCheer.uasset" 303
"../../../MusicMansion/Content/Music/RyanHi.uasset" 304
"../../../MusicMansion/Content/Levels/MainLevel.umap" 305
